TN:
SF:server.js
FN:10,(anonymous_0)
FN:23,initDb
FN:277,(anonymous_2)
FN:282,(anonymous_3)
FN:287,mapAccount
FN:299,mapTransaction
FN:312,(anonymous_6)
FN:348,(anonymous_7)
FN:358,(anonymous_8)
FN:376,(anonymous_9)
FN:451,(anonymous_10)
FN:475,(anonymous_11)
FN:489,(anonymous_12)
FN:490,(anonymous_13)
FN:495,(anonymous_14)
FNF:15
FNH:4
FNDA:4,(anonymous_0)
FNDA:0,initDb
FNDA:1,(anonymous_2)
FNDA:0,(anonymous_3)
FNDA:0,mapAccount
FNDA:0,mapTransaction
FNDA:0,(anonymous_6)
FNDA:0,(anonymous_7)
FNDA:0,(anonymous_8)
FNDA:0,(anonymous_9)
FNDA:1,(anonymous_10)
FNDA:1,(anonymous_11)
FNDA:0,(anonymous_12)
FNDA:0,(anonymous_13)
FNDA:0,(anonymous_14)
DA:1,1
DA:2,1
DA:3,1
DA:4,1
DA:6,1
DA:7,1
DA:10,1
DA:11,4
DA:12,4
DA:13,4
DA:14,4
DA:15,4
DA:19,1
DA:20,1
DA:24,0
DA:50,1
DA:275,1
DA:276,1
DA:277,1
DA:282,1
DA:283,0
DA:284,0
DA:288,0
DA:300,0
DA:312,1
DA:313,0
DA:314,0
DA:316,0
DA:317,0
DA:323,0
DA:324,0
DA:330,0
DA:335,0
DA:337,0
DA:338,0
DA:343,0
DA:348,1
DA:349,0
DA:350,0
DA:351,0
DA:353,0
DA:358,1
DA:359,0
DA:360,0
DA:362,0
DA:363,0
DA:369,0
DA:371,0
DA:376,1
DA:377,0
DA:378,0
DA:379,0
DA:381,0
DA:382,0
DA:388,0
DA:389,0
DA:395,0
DA:396,0
DA:402,0
DA:404,0
DA:409,0
DA:410,0
DA:411,0
DA:417,0
DA:418,0
DA:420,0
DA:421,0
DA:422,0
DA:428,0
DA:432,0
DA:434,0
DA:440,0
DA:441,0
DA:443,0
DA:444,0
DA:446,0
DA:451,1
DA:452,1
DA:453,1
DA:455,1
DA:456,1
DA:457,1
DA:463,0
DA:468,0
DA:470,0
DA:475,1
DA:476,1
DA:482,1
DA:487,1
DA:488,0
DA:490,0
DA:491,0
DA:492,0
DA:496,0
DA:497,0
DA:501,1
DA:502,1
DA:503,1
LF:98
LH:36
BRDA:14,0,0,0
BRDA:14,0,1,4
BRDA:19,1,0,1
BRDA:19,1,1,1
BRDA:306,2,0,0
BRDA:306,2,1,0
BRDA:307,3,0,0
BRDA:307,3,1,0
BRDA:316,4,0,0
BRDA:316,4,1,0
BRDA:316,5,0,0
BRDA:316,5,1,0
BRDA:316,5,2,0
BRDA:323,6,0,0
BRDA:323,6,1,0
BRDA:337,7,0,0
BRDA:337,7,1,0
BRDA:362,8,0,0
BRDA:362,8,1,0
BRDA:381,9,0,0
BRDA:381,9,1,0
BRDA:381,10,0,0
BRDA:381,10,1,0
BRDA:381,10,2,0
BRDA:388,11,0,0
BRDA:388,11,1,0
BRDA:388,12,0,0
BRDA:388,12,1,0
BRDA:395,13,0,0
BRDA:395,13,1,0
BRDA:409,14,0,0
BRDA:409,14,1,0
BRDA:420,15,0,0
BRDA:420,15,1,0
BRDA:420,16,0,0
BRDA:420,16,1,0
BRDA:428,17,0,0
BRDA:428,17,1,0
BRDA:456,18,0,1
BRDA:456,18,1,0
BRDA:482,19,0,1
BRDA:482,19,1,1
BRDA:487,20,0,0
BRDA:487,20,1,1
BRF:44
BRH:7
end_of_record
